TN:
SF:src/ejercicio-3/funko.ts
FN:17,<instance_members_initializer>
FN:43,Funko
FN:59,get getID
FN:66,set setID
FN:73,get getNombre
FN:80,set setNombre
FN:87,get getDescripcion
FN:94,set setDescripcion
FN:101,get getTipo
FN:108,set setTipo
FN:115,get getGenero
FN:122,set setGenero
FN:129,get getFranquicia
FN:136,set setFranquicia
FN:143,get getNumero
FN:150,set setNumero
FN:157,get getExclusivo
FN:164,set setExclusivo
FN:171,get getCaracteristicasEspeciales
FN:178,set setCaracteristicasEspeciales
FN:185,get getValorMercado
FN:192,set setValorMercado
FNF:22
FNH:22
FNDA:1,<instance_members_initializer>
FNDA:1,Funko
FNDA:2,get getID
FNDA:1,set setID
FNDA:2,get getNombre
FNDA:1,set setNombre
FNDA:2,get getDescripcion
FNDA:1,set setDescripcion
FNDA:2,get getTipo
FNDA:1,set setTipo
FNDA:2,get getGenero
FNDA:1,set setGenero
FNDA:2,get getFranquicia
FNDA:1,set setFranquicia
FNDA:2,get getNumero
FNDA:1,set setNumero
FNDA:2,get getExclusivo
FNDA:1,set setExclusivo
FNDA:2,get getCaracteristicasEspeciales
FNDA:1,set setCaracteristicasEspeciales
FNDA:2,get getValorMercado
FNDA:1,set setValorMercado
DA:1,1
DA:2,1
DA:3,1
DA:4,1
DA:5,1
DA:6,1
DA:7,1
DA:8,1
DA:9,1
DA:10,1
DA:11,1
DA:12,1
DA:13,1
DA:14,1
DA:15,1
DA:16,1
DA:17,1
DA:18,1
DA:19,1
DA:20,1
DA:21,1
DA:22,1
DA:23,1
DA:24,1
DA:25,1
DA:26,1
DA:27,1
DA:28,1
DA:29,1
DA:30,1
DA:31,1
DA:32,1
DA:33,1
DA:34,1
DA:35,1
DA:36,1
DA:37,1
DA:38,1
DA:39,1
DA:40,1
DA:41,1
DA:42,1
DA:43,1
DA:44,1
DA:45,1
DA:46,1
DA:47,1
DA:48,1
DA:49,1
DA:50,1
DA:51,1
DA:52,1
DA:53,1
DA:54,1
DA:55,1
DA:56,1
DA:57,1
DA:58,1
DA:59,1
DA:60,2
DA:61,2
DA:62,1
DA:63,1
DA:64,1
DA:65,1
DA:66,1
DA:67,1
DA:68,1
DA:69,1
DA:70,1
DA:71,1
DA:72,1
DA:73,1
DA:74,2
DA:75,2
DA:76,1
DA:77,1
DA:78,1
DA:79,1
DA:80,1
DA:81,1
DA:82,1
DA:83,1
DA:84,1
DA:85,1
DA:86,1
DA:87,1
DA:88,2
DA:89,2
DA:90,1
DA:91,1
DA:92,1
DA:93,1
DA:94,1
DA:95,1
DA:96,1
DA:97,1
DA:98,1
DA:99,1
DA:100,1
DA:101,1
DA:102,2
DA:103,2
DA:104,1
DA:105,1
DA:106,1
DA:107,1
DA:108,1
DA:109,1
DA:110,1
DA:111,1
DA:112,1
DA:113,1
DA:114,1
DA:115,1
DA:116,2
DA:117,2
DA:118,1
DA:119,1
DA:120,1
DA:121,1
DA:122,1
DA:123,1
DA:124,1
DA:125,1
DA:126,1
DA:127,1
DA:128,1
DA:129,1
DA:130,2
DA:131,2
DA:132,1
DA:133,1
DA:134,1
DA:135,1
DA:136,1
DA:137,1
DA:138,1
DA:139,1
DA:140,1
DA:141,1
DA:142,1
DA:143,1
DA:144,2
DA:145,2
DA:146,1
DA:147,1
DA:148,1
DA:149,1
DA:150,1
DA:151,1
DA:152,1
DA:153,1
DA:154,1
DA:155,1
DA:156,1
DA:157,1
DA:158,2
DA:159,2
DA:160,1
DA:161,1
DA:162,1
DA:163,1
DA:164,1
DA:165,1
DA:166,1
DA:167,1
DA:168,1
DA:169,1
DA:170,1
DA:171,1
DA:172,2
DA:173,2
DA:174,1
DA:175,1
DA:176,1
DA:177,1
DA:178,1
DA:179,1
DA:180,1
DA:181,1
DA:182,1
DA:183,1
DA:184,1
DA:185,1
DA:186,2
DA:187,2
DA:188,1
DA:189,1
DA:190,1
DA:191,1
DA:192,1
DA:193,1
DA:194,1
DA:195,1
DA:196,1
LF:196
LH:196
BRDA:17,0,0,1
BRDA:43,1,0,1
BRDA:59,2,0,2
BRDA:66,3,0,1
BRDA:73,4,0,2
BRDA:80,5,0,1
BRDA:87,6,0,2
BRDA:94,7,0,1
BRDA:101,8,0,2
BRDA:108,9,0,1
BRDA:115,10,0,2
BRDA:122,11,0,1
BRDA:129,12,0,2
BRDA:136,13,0,1
BRDA:143,14,0,2
BRDA:150,15,0,1
BRDA:157,16,0,2
BRDA:164,17,0,1
BRDA:171,18,0,2
BRDA:178,19,0,1
BRDA:185,20,0,2
BRDA:192,21,0,1
BRF:22
BRH:22
end_of_record
TN:
SF:src/ejercicio-3/types.ts
FNF:0
FNH:0
DA:1,1
DA:2,1
DA:3,1
DA:4,1
DA:5,1
DA:6,1
DA:7,1
DA:8,1
DA:9,1
DA:10,1
DA:11,1
DA:12,1
DA:13,1
DA:14,1
DA:15,1
DA:16,1
DA:17,1
DA:18,1
DA:19,1
DA:20,1
DA:21,1
DA:22,1
DA:23,1
DA:24,1
DA:25,1
DA:26,1
DA:27,1
DA:28,1
DA:29,1
DA:30,1
DA:31,1
DA:32,1
DA:33,1
DA:34,1
DA:35,1
DA:36,1
DA:37,1
DA:38,1
DA:39,1
DA:40,1
DA:41,1
DA:42,1
DA:43,1
DA:44,1
DA:45,1
LF:45
LH:45
BRDA:6,0,0,1
BRDA:17,1,0,1
BRF:2
BRH:2
end_of_record
